This file contains any messages produced by compilers while
running configure, to aid debugging if configure makes a mistake.

It was created by mincmorph configure 1.4, which was
generated by GNU Autoconf 2.59.  Invocation command line was

  $ ./configure --build=x86_64-linux-gnu --prefix=/usr --includedir=${prefix}/include --mandir=${prefix}/share/man --infodir=${prefix}/share/info --sysconfdir=/etc --localstatedir=/var --libexecdir=${prefix}/lib/mincmorph --disable-maintainer-mode --disable-dependency-tracking --with-minc2

## --------- ##
## Platform. ##
## --------- ##

hostname = spencer
uname -m = x86_64
uname -r = 2.6.35-30-generic
uname -s = Linux
uname -v = #54-Ubuntu SMP Tue Jun 7 18:41:54 UTC 2011

/usr/bin/uname -p = unknown
/bin/uname -X     = unknown

/bin/arch              = unknown
/usr/bin/arch -k       = unknown
/usr/convex/getsysinfo = unknown
hostinfo               = unknown
/bin/machine           = unknown
/usr/bin/oslevel       = unknown
/bin/universe          = unknown

PATH: .
PATH: /home/rotor/bin
PATH: /home/rotor/opt/script_bin
PATH: /home/rotor/opt/amd64_bin
PATH: /home/rotor/bin
PATH: /usr/local/sbin
PATH: /usr/local/bin
PATH: /usr/sbin
PATH: /usr/bin
PATH: /sbin
PATH: /bin
PATH: /usr/games
PATH: /data/software/MILXView-3.1-64Bit/


## ----------- ##
## Core tests. ##
## ----------- ##

configure:1318: checking for a BSD-compatible install
configure:1373: result: /usr/bin/install -c
configure:1384: checking whether build environment is sane
configure:1427: result: yes
configure:1484: checking for gawk
configure:1500: found /usr/bin/gawk
configure:1510: result: gawk
configure:1520: checking whether make sets $(MAKE)
configure:1540: result: yes
configure:1775: checking for gcc
configure:1791: found /usr/bin/gcc
configure:1801: result: gcc
configure:2045: checking for C compiler version
configure:2048: gcc --version </dev/null >&5
gcc (Ubuntu/Linaro 4.4.4-14ubuntu5) 4.4.5
Copyright (C) 2010 Free Software Foundation, Inc.
This is free software; see the source for copying conditions.  There is NO
warranty; not even for MERCHANTABILITY or FITNESS FOR A PARTICULAR PURPOSE.

configure:2051: $? = 0
configure:2053: gcc -v </dev/null >&5
Using built-in specs.
Target: x86_64-linux-gnu
Configured with: ../src/configure -v --with-pkgversion='Ubuntu/Linaro 4.4.4-14ubuntu5' --with-bugurl=file:///usr/share/doc/gcc-4.4/README.Bugs --enable-languages=c,c++,fortran,objc,obj-c++ --prefix=/usr --program-suffix=-4.4 --enable-shared --enable-multiarch --enable-linker-build-id --with-system-zlib --libexecdir=/usr/lib --without-included-gettext --enable-threads=posix --with-gxx-include-dir=/usr/include/c++/4.4 --libdir=/usr/lib --enable-nls --with-sysroot=/ --enable-clocale=gnu --enable-libstdcxx-debug --enable-objc-gc --disable-werror --with-arch-32=i686 --with-tune=generic --enable-checking=release --build=x86_64-linux-gnu --host=x86_64-linux-gnu --target=x86_64-linux-gnu
Thread model: posix
gcc version 4.4.5 (Ubuntu/Linaro 4.4.4-14ubuntu5) 
configure:2056: $? = 0
configure:2058: gcc -V </dev/null >&5
gcc: '-V' option must have argument
configure:2061: $? = 1
configure:2084: checking for C compiler default output file name
configure:2087: gcc -I/usr/include/mpich2  -Wl,-Bsymbolic-functions conftest.c  >&5
configure:2090: $? = 0
configure:2136: result: a.out
configure:2141: checking whether the C compiler works
configure:2147: ./a.out
configure:2150: $? = 0
configure:2167: result: yes
configure:2174: checking whether we are cross compiling
configure:2176: result: no
configure:2179: checking for suffix of executables
configure:2181: gcc -o conftest -I/usr/include/mpich2  -Wl,-Bsymbolic-functions conftest.c  >&5
configure:2184: $? = 0
configure:2209: result: 
configure:2215: checking for suffix of object files
configure:2236: gcc -c -I/usr/include/mpich2  conftest.c >&5
configure:2239: $? = 0
configure:2261: result: o
configure:2265: checking whether we are using the GNU C compiler
configure:2289: gcc -c -I/usr/include/mpich2  conftest.c >&5
configure:2295: $? = 0
configure:2298: test -z 			 || test ! -s conftest.err
configure:2301: $? = 0
configure:2304: test -s conftest.o
configure:2307: $? = 0
configure:2320: result: yes
configure:2326: checking whether gcc accepts -g
configure:2347: gcc -c -g  conftest.c >&5
configure:2353: $? = 0
configure:2356: test -z 			 || test ! -s conftest.err
configure:2359: $? = 0
configure:2362: test -s conftest.o
configure:2365: $? = 0
configure:2376: result: yes
configure:2393: checking for gcc option to accept ANSI C
configure:2463: gcc  -c -I/usr/include/mpich2  conftest.c >&5
configure:2469: $? = 0
configure:2472: test -z 			 || test ! -s conftest.err
configure:2475: $? = 0
configure:2478: test -s conftest.o
configure:2481: $? = 0
configure:2499: result: none needed
configure:2517: gcc -c -I/usr/include/mpich2  conftest.c >&5
conftest.c:2: error: expected '=', ',', ';', 'asm' or '__attribute__' before 'me'
configure:2523: $? = 1
configure: failed program was:
| #ifndef __cplusplus
|   choke me
| #endif
configure:2664: checking for style of include used by make
configure:2692: result: GNU
configure:2720: checking dependency style of gcc
configure:2810: result: none
configure:2840: checking for a BSD-compatible install
configure:2895: result: /usr/bin/install -c
configure:2918: checking for library m
configure:2937: gcc -o conftest -I/usr/include/mpich2  -Wl,-Bsymbolic-functions conftest.c -lm  >&5
configure:2943: $? = 0
configure:2946: test -z 			 || test ! -s conftest.err
configure:2949: $? = 0
configure:2952: test -s conftest
configure:2955: $? = 0
configure:2966: result: yes
configure:2975: checking for library netcdf
configure:2994: gcc -o conftest -I/usr/include/mpich2  -Wl,-Bsymbolic-functions conftest.c -lnetcdf -lm  >&5
configure:3000: $? = 0
configure:3003: test -z 			 || test ! -s conftest.err
configure:3006: $? = 0
configure:3009: test -s conftest
configure:3012: $? = 0
configure:3023: result: yes
configure:3033: checking for library z
configure:3052: gcc -o conftest -I/usr/include/mpich2  -Wl,-Bsymbolic-functions conftest.c -lz -lnetcdf -lm  >&5
conftest.c: In function 'main':
conftest.c:15: warning: initialization makes integer from pointer without a cast
configure:3058: $? = 0
configure:3061: test -z 			 || test ! -s conftest.err
configure:3064: $? = 0
configure:3067: test -s conftest
configure:3070: $? = 0
configure:3081: result: yes
configure:3090: checking for library hdf5
configure:3109: gcc -o conftest -I/usr/include/mpich2  -Wl,-Bsymbolic-functions conftest.c -lhdf5 -lz -lnetcdf -lm  >&5
configure:3115: $? = 0
configure:3118: test -z 			 || test ! -s conftest.err
configure:3121: $? = 0
configure:3124: test -s conftest
configure:3127: $? = 0
configure:3138: result: yes
configure:3147: checking for library minc2
configure:3166: gcc -o conftest -I/usr/include/mpich2  -Wl,-Bsymbolic-functions conftest.c -lminc2 -lhdf5 -lz -lnetcdf -lm  >&5
configure:3172: $? = 0
configure:3175: test -z 			 || test ! -s conftest.err
configure:3178: $? = 0
configure:3181: test -s conftest
configure:3184: $? = 0
configure:3195: result: yes
configure:3272: checking for library volume_io2
configure:3293: gcc -o conftest -I/usr/include/mpich2  -Wl,-Bsymbolic-functions conftest.c -lvolume_io2 -lminc2 -lhdf5 -lz -lnetcdf -lm  >&5
configure:3299: $? = 0
configure:3302: test -z 			 || test ! -s conftest.err
configure:3305: $? = 0
configure:3308: test -s conftest
configure:3311: $? = 0
configure:3322: result: yes
configure:3506: creating ./config.status

## ---------------------- ##
## Running config.status. ##
## ---------------------- ##

This file was extended by mincmorph config.status 1.4, which was
generated by GNU Autoconf 2.59.  Invocation command line was

  CONFIG_FILES    = 
  CONFIG_HEADERS  = 
  CONFIG_LINKS    = 
  CONFIG_COMMANDS = 
  $ ./config.status 

on spencer

config.status:725: creating Makefile
config.status:725: creating epm-header
config.status:791: creating config.h
config.status:1059: executing depfiles commands

## ---------------- ##
## Cache variables. ##
## ---------------- ##

ac_cv_c_compiler_gnu=yes
ac_cv_env_CC_set=
ac_cv_env_CC_value=
ac_cv_env_CFLAGS_set=set
ac_cv_env_CFLAGS_value=-I/usr/include/mpich2
ac_cv_env_CPPFLAGS_set=set
ac_cv_env_CPPFLAGS_value=
ac_cv_env_LDFLAGS_set=set
ac_cv_env_LDFLAGS_value=-Wl,-Bsymbolic-functions
ac_cv_env_build_alias_set=set
ac_cv_env_build_alias_value=x86_64-linux-gnu
ac_cv_env_host_alias_set=
ac_cv_env_host_alias_value=
ac_cv_env_target_alias_set=
ac_cv_env_target_alias_value=
ac_cv_exeext=
ac_cv_objext=o
ac_cv_path_install='/usr/bin/install -c'
ac_cv_prog_AWK=gawk
ac_cv_prog_ac_ct_CC=gcc
ac_cv_prog_cc_g=yes
ac_cv_prog_cc_stdc=
ac_cv_prog_make_make_set=yes
am_cv_CC_dependencies_compiler_type=none

## ----------------- ##
## Output variables. ##
## ----------------- ##

ACLOCAL='${SHELL} /home/rotor/git/minc-neuro-debian/mincmorph-1.4/missing --run aclocal-1.8'
AMDEPBACKSLASH=''
AMDEP_FALSE=''
AMDEP_TRUE='#'
AMTAR='${SHELL} /home/rotor/git/minc-neuro-debian/mincmorph-1.4/missing --run tar'
AUTOCONF='${SHELL} /home/rotor/git/minc-neuro-debian/mincmorph-1.4/missing --run autoconf'
AUTOHEADER='${SHELL} /home/rotor/git/minc-neuro-debian/mincmorph-1.4/missing --run autoheader'
AUTOMAKE='${SHELL} /home/rotor/git/minc-neuro-debian/mincmorph-1.4/missing --run automake-1.8'
AWK='gawk'
CC='gcc'
CCDEPMODE='depmode=none'
CFLAGS='-I/usr/include/mpich2'
CPPFLAGS=''
CYGPATH_W='echo'
DEFS='-DHAVE_CONFIG_H'
DEPDIR='.deps'
ECHO_C=''
ECHO_N='-n'
ECHO_T=''
EXEEXT=''
INSTALL_DATA='${INSTALL} -m 644'
INSTALL_PROGRAM='${INSTALL}'
INSTALL_SCRIPT='${INSTALL}'
INSTALL_STRIP_PROGRAM='${SHELL} $(install_sh) -c -s'
LDFLAGS='-Wl,-Bsymbolic-functions'
LIBOBJS=''
LIBS='-lvolume_io2 -lminc2 -lhdf5 -lz -lnetcdf -lm '
LTLIBOBJS=''
MAKEINFO='${SHELL} /home/rotor/git/minc-neuro-debian/mincmorph-1.4/missing --run makeinfo'
OBJEXT='o'
PACKAGE='mincmorph'
PACKAGE_BUGREPORT='Andrew Janke <rotor@cmr.uq.edu.au>'
PACKAGE_NAME='mincmorph'
PACKAGE_STRING='mincmorph 1.4'
PACKAGE_TARNAME='mincmorph'
PACKAGE_VERSION='1.4'
PATH_SEPARATOR=':'
SET_MAKE=''
SHELL='/bin/bash'
STRIP=''
VERSION='1.4'
ac_ct_CC='gcc'
ac_ct_STRIP=''
am__fastdepCC_FALSE=''
am__fastdepCC_TRUE='#'
am__include='include'
am__leading_dot='.'
am__quote=''
bindir='${exec_prefix}/bin'
build_alias='x86_64-linux-gnu'
datadir='${prefix}/share'
exec_prefix='${prefix}'
host_alias=''
includedir='${prefix}/include'
infodir='${prefix}/share/info'
install_sh='/home/rotor/git/minc-neuro-debian/mincmorph-1.4/install-sh'
libdir='${exec_prefix}/lib'
libexecdir='${prefix}/lib/mincmorph'
localstatedir='/var'
mandir='${prefix}/share/man'
mkdir_p='mkdir -p -- .'
oldincludedir='/usr/include'
prefix='/usr'
program_transform_name='s,x,x,'
sbindir='${exec_prefix}/sbin'
sharedstatedir='${prefix}/com'
sysconfdir='/etc'
target_alias=''

## ----------- ##
## confdefs.h. ##
## ----------- ##

#define MINC2 1
#define PACKAGE "mincmorph"
#define PACKAGE_BUGREPORT "Andrew Janke <rotor@cmr.uq.edu.au>"
#define PACKAGE_NAME "mincmorph"
#define PACKAGE_STRING "mincmorph 1.4"
#define PACKAGE_TARNAME "mincmorph"
#define PACKAGE_VERSION "1.4"
#define VERSION "1.4"

configure: exit 0
